Determining if the pthread_create exist failed with the following output:
Change Dir: /home/emplisi/catkin_ws/build/CMakeFiles/CMakeTmp

Run Build Command:"/usr/bin/make" "cmTC_ce87a/fast"
/usr/bin/make -f CMakeFiles/cmTC_ce87a.dir/build.make CMakeFiles/cmTC_ce87a.dir/build
make[1]: Entering directory '/home/emplisi/catkin_ws/build/CMakeFiles/CMakeTmp'
Building C object CMakeFiles/cmTC_ce87a.dir/CheckSymbolExists.c.o
/usr/bin/cc    -o CMakeFiles/cmTC_ce87a.dir/CheckSymbolExists.c.o   -c /home/emplisi/catkin_ws/build/CMakeFiles/CMakeTmp/CheckSymbolExists.c
Linking C executable cmTC_ce87a
/usr/bin/cmake -E cmake_link_script CMakeFiles/cmTC_ce87a.dir/link.txt --verbose=1
/usr/bin/cc      -rdynamic CMakeFiles/cmTC_ce87a.dir/CheckSymbolExists.c.o  -o cmTC_ce87a 
CMakeFiles/cmTC_ce87a.dir/CheckSymbolExists.c.o: In function `main':
CheckSymbolExists.c:(.text+0x1b): undefined reference to `pthread_create'
collect2: error: ld returned 1 exit status
CMakeFiles/cmTC_ce87a.dir/build.make:97: recipe for target 'cmTC_ce87a' failed
make[1]: *** [cmTC_ce87a] Error 1
make[1]: Leaving directory '/home/emplisi/catkin_ws/build/CMakeFiles/CMakeTmp'
Makefile:126: recipe for target 'cmTC_ce87a/fast' failed
make: *** [cmTC_ce87a/fast] Error 2

File /home/emplisi/catkin_ws/build/CMakeFiles/CMakeTmp/CheckSymbolExists.c:
/* */
#include <pthread.h>

int main(int argc, char** argv)
{
  (void)argv;
#ifndef pthread_create
  return ((int*)(&pthread_create))[argc];
#else
  (void)argc;
  return 0;
#endif
}

Determining if the function pthread_create exists in the pthreads failed with the following output:
Change Dir: /home/emplisi/catkin_ws/build/CMakeFiles/CMakeTmp

Run Build Command:"/usr/bin/make" "cmTC_42a18/fast"
/usr/bin/make -f CMakeFiles/cmTC_42a18.dir/build.make CMakeFiles/cmTC_42a18.dir/build
make[1]: Entering directory '/home/emplisi/catkin_ws/build/CMakeFiles/CMakeTmp'
Building C object CMakeFiles/cmTC_42a18.dir/CheckFunctionExists.c.o
/usr/bin/cc   -DCHECK_FUNCTION_EXISTS=pthread_create   -o CMakeFiles/cmTC_42a18.dir/CheckFunctionExists.c.o   -c /usr/share/cmake-3.10/Modules/CheckFunctionExists.c
Linking C executable cmTC_42a18
/usr/bin/cmake -E cmake_link_script CMakeFiles/cmTC_42a18.dir/link.txt --verbose=1
/usr/bin/cc  -DCHECK_FUNCTION_EXISTS=pthread_create    -rdynamic CMakeFiles/cmTC_42a18.dir/CheckFunctionExists.c.o  -o cmTC_42a18 -lpthreads 
/usr/bin/ld: cannot find -lpthreads
collect2: error: ld returned 1 exit status
CMakeFiles/cmTC_42a18.dir/build.make:97: recipe for target 'cmTC_42a18' failed
make[1]: *** [cmTC_42a18] Error 1
make[1]: Leaving directory '/home/emplisi/catkin_ws/build/CMakeFiles/CMakeTmp'
Makefile:126: recipe for target 'cmTC_42a18/fast' failed
make: *** [cmTC_42a18/fast] Error 2


